\BOOKMARK [1][-]{chapter*.2}{\376\377\000L\000i\000s\000t\000\040\000o\000f\000\040\000F\000i\000g\000u\000r\000e\000s}{}% 1
\BOOKMARK [1][-]{chapter*.3}{\376\377\000L\000i\000s\000t\000\040\000o\000f\000\040\000T\000a\000b\000l\000e\000s}{}% 2
\BOOKMARK [1][-]{chapter*.4}{\376\377\000A\000c\000k\000n\000o\000w\000l\000e\000d\000g\000e\000m\000e\000n\000t}{}% 3
\BOOKMARK [1][-]{chapter*.5}{\376\377\000A\000b\000s\000t\000r\000a\000c\000t}{}% 4
\BOOKMARK [1][-]{chapter*.6}{\376\377\000T\000e\000r\000m\000s\000\040\000a\000n\000d\000\040\000D\000e\000f\000i\000n\000i\000t\000i\000o\000n\000s}{}% 5
\BOOKMARK [0][-]{chapter.1}{\376\377\000I\000n\000t\000r\000o\000d\000u\000c\000t\000i\000o\000n}{}% 6
\BOOKMARK [0][-]{chapter.2}{\376\377\000D\000e\000e\000p\000\040\000L\000e\000a\000r\000n\000i\000n\000g\000\040\000N\000e\000t\000w\000o\000r\000k\000s}{}% 7
\BOOKMARK [1][-]{section.2.1}{\376\377\000P\000e\000r\000c\000e\000p\000t\000r\000o\000n}{chapter.2}% 8
\BOOKMARK [1][-]{section.2.2}{\376\377\000P\000e\000r\000c\000e\000p\000t\000r\000o\000n\000\040\000C\000o\000n\000v\000e\000r\000g\000e\000n\000c\000e\000\040\000T\000h\000e\000o\000r\000e\000m}{chapter.2}% 9
\BOOKMARK [1][-]{section.2.3}{\376\377\000S\000o\000l\000v\000i\000n\000g\000\040\000G\000a\000t\000e\000\040\000p\000r\000o\000b\000l\000e\000m}{chapter.2}% 10
\BOOKMARK [2][-]{subsection.2.3.1}{\376\377\000A\000N\000D\000\040\000F\000u\000n\000c\000t\000i\000o\000n}{section.2.3}% 11
\BOOKMARK [2][-]{subsection.2.3.2}{\376\377\000O\000R\000\040\000F\000u\000n\000c\000t\000i\000o\000n}{section.2.3}% 12
\BOOKMARK [2][-]{subsection.2.3.3}{\376\377\000X\000O\000R\000\040\000F\000u\000n\000c\000t\000i\000o\000n}{section.2.3}% 13
\BOOKMARK [1][-]{section.2.4}{\376\377\000F\000e\000e\000d\000f\000o\000r\000w\000a\000r\000d\000\040\000N\000e\000t\000w\000o\000r\000k}{chapter.2}% 14
\BOOKMARK [1][-]{section.2.5}{\376\377\000B\000a\000c\000k\000p\000r\000o\000p\000a\000g\000a\000t\000i\000o\000n}{chapter.2}% 15
\BOOKMARK [0][-]{chapter.3}{\376\377\000O\000p\000t\000i\000m\000i\000z\000a\000t\000i\000o\000n}{}% 16
\BOOKMARK [1][-]{section.3.1}{\376\377\000I\000n\000t\000r\000o\000d\000u\000c\000t\000i\000o\000n}{chapter.3}% 17
\BOOKMARK [1][-]{section.3.2}{\376\377\000O\000p\000t\000i\000m\000i\000z\000a\000t\000i\000o\000n\000\040\000a\000l\000g\000o\000r\000i\000t\000h\000m\000s}{chapter.3}% 18
\BOOKMARK [2][-]{subsection.3.2.1}{\376\377\000G\000r\000a\000d\000i\000e\000n\000t\000\040\000D\000e\000s\000c\000e\000n\000t}{section.3.2}% 19
\BOOKMARK [2][-]{subsection.3.2.2}{\376\377\000S\000t\000o\000c\000h\000a\000s\000t\000i\000c\000\040\000G\000r\000a\000d\000i\000e\000n\000t\000\040\000D\000e\000s\000c\000e\000n\000t}{section.3.2}% 20
\BOOKMARK [2][-]{subsection.3.2.3}{\376\377\000M\000i\000n\000i\000-\000B\000a\000t\000c\000h\000\040\000S\000t\000o\000c\000h\000a\000s\000t\000i\000c\000\040\000G\000r\000a\000d\000i\000e\000n\000t\000\040\000D\000e\000s\000c\000e\000n\000t}{section.3.2}% 21
\BOOKMARK [2][-]{subsection.3.2.4}{\376\377\000N\000e\000w\000t\000o\000n\000'\000s\000\040\000M\000e\000t\000h\000o\000d}{section.3.2}% 22
\BOOKMARK [2][-]{subsection.3.2.5}{\376\377\000M\000o\000m\000e\000n\000t\000u\000m}{section.3.2}% 23
\BOOKMARK [2][-]{subsection.3.2.6}{\376\377\000R\000M\000S\000P\000r\000o\000p}{section.3.2}% 24
\BOOKMARK [2][-]{subsection.3.2.7}{\376\377\000A\000d\000a\000m}{section.3.2}% 25
\BOOKMARK [0][-]{chapter.4}{\376\377\000S\000e\000n\000t\000i\000m\000e\000n\000t\000\040\000A\000n\000a\000l\000y\000s\000i\000s}{}% 26
\BOOKMARK [1][-]{section.4.1}{\376\377\000I\000n\000t\000r\000o\000d\000u\000c\000t\000i\000o\000n}{chapter.4}% 27
